<testng-results>
  <reporter-output>
  </reporter-output>
  <suite name="Selenium Test Automation">
    <groups>
    </groups>
    <test name="Test on Internet Explorer">
      <class name="com.sample.automation.tests.SfdcProfileTC">
        <test-method status="PASS" signature="setUp()" name="setUp" is-config="true" duration-ms="9450" started-at="2014-04-28T17:54:45Z" finished-at="2014-04-28T17:54:55Z">
        </test-method>
        <test-method status="PASS" signature="Test3(java.lang.String, java.lang.String, java.lang.String)" name="Test3" duration-ms="33217" started-at="2014-04-28T17:54:55Z" finished-at="2014-04-28T17:55:28Z">
          <params>
            <param index="0">
              <value>
                <![CDATA[javed.nehal@gmail.com]]>
              </value>
            </param>
            <param index="1">
              <value>
                <![CDATA[Welcome$123]]>
              </value>
            </param>
            <param index="2">
              <value>
                <![CDATA[Javed Nehal]]>
              </value>
            </param>
          </params>
        </test-method>
        <test-method status="PASS" signature="tearDown()" name="tearDown" is-config="true" duration-ms="1000" started-at="2014-04-28T17:55:28Z" finished-at="2014-04-28T17:55:29Z">
        </test-method>
      </class>
      <class name="com.sample.automation.tests.SfdcReportTc">
        <test-method status="PASS" signature="setUp()" name="setUp" is-config="true" duration-ms="9541" started-at="2014-04-28T17:55:29Z" finished-at="2014-04-28T17:55:38Z">
        </test-method>
        <test-method status="PASS" signature="Test2(java.lang.String, java.lang.String, java.lang.String)" name="Test2" duration-ms="17863" started-at="2014-04-28T17:55:38Z" finished-at="2014-04-28T17:55:56Z">
          <params>
            <param index="0">
              <value>
                <![CDATA[javed.nehal@gmail.com]]>
              </value>
            </param>
            <param index="1">
              <value>
                <![CDATA[Welcome$123]]>
              </value>
            </param>
            <param index="2">
              <value>
                <![CDATA[Activities with User -Unfiled]]>
              </value>
            </param>
          </params>
        </test-method>
        <test-method status="PASS" signature="tearDown()" name="tearDown" is-config="true" duration-ms="1001" started-at="2014-04-28T17:55:56Z" finished-at="2014-04-28T17:55:57Z">
        </test-method>
      </class>
      <class name="com.sample.automation.tests.SfdcLoginTc">
        <test-method status="PASS" signature="setUp()" name="setUp" is-config="true" duration-ms="8546" started-at="2014-04-28T17:53:58Z" finished-at="2014-04-28T17:54:07Z">
        </test-method>
        <test-method status="PASS" signature="Test1(java.lang.String, java.lang.String, java.lang.String)" name="Test1" duration-ms="37324" started-at="2014-04-28T17:54:07Z" finished-at="2014-04-28T17:54:44Z">
          <params>
            <param index="0">
              <value>
                <![CDATA[javed.nehal@gmail.com]]>
              </value>
            </param>
            <param index="1">
              <value>
                <![CDATA[Welcome$123]]>
              </value>
            </param>
            <param index="2">
              <value>
                <![CDATA[Javed Nehal]]>
              </value>
            </param>
          </params>
        </test-method>
        <test-method status="PASS" signature="tearDown()" name="tearDown" is-config="true" duration-ms="1001" started-at="2014-04-28T17:54:44Z" finished-at="2014-04-28T17:54:45Z">
        </test-method>
      </class>
    </test>
  </suite>
</testng-results>
