<?xml version="1.0" encoding="utf-8" ?>
<!DOCTYPE html PUBLIC "-//W3C//DTD XHTML 1.0 Strict//EN"
        "http://www.w3.org/TR/xhtml1/DTD/xhtml1-strict.dtd">
<html xmlns="http://www.w3.org/1999/xhtml" xml:lang="" lang="">
<head>
  <title>Automation Test Report - Test on Internet Explorer</title>
  <meta http-equiv="Content-Type" content="text/html;charset=utf-8" />
  <meta name="description" content="TestNG unit test results." />
  <link href="reportng.css" rel="stylesheet" type="text/css" />
    <script type="text/javascript" src="reportng.js"></script>
  </head>
<body>
<h1>Test on Internet Explorer</h1>
<p>
  Test duration: 41.037s
   <br/><input type="checkbox" onclick="toggleAllResult(this)" value="result_p" checked="" id="top-filter" />
<span class="pass-label">P</span>ass
<input type="checkbox" onclick="toggleAllResult(this)" value="result_f" checked="" id="top-filter"/>
<span class="fail-label">F</span>ail
<input type="checkbox" onclick="toggleAllResult(this)" value="result_i" checked="" id="top-filter"/>
<span class="info-label">I</span>nfo
</p>



  <table class="resultsTable">
    <tr><th colspan="100%" class="header failed">Failed Tests</th></tr>
          <tr>
        <td colspan="100%" class="group">			SfdcReportTc
	</td>
      </tr>
            
<tr>
  <td class="method">
          Test2
      </td>

  <td>
    </td>
  <td class="duration">
    0.024s
  </td>
  <td class="result">
        
          <i>Method arguments: </i><span class="arguments">"javed.nehal@gmail.com", "Welcome$123", "Activities with User -Unfiled"</span><br />
    
        

        <a href="javascript:toggleElement('exception-0', 'block')" title="Click to expand/collapse"><b><span style="color:red">F </span>java.io.IOException: Cannot run program &quot;D:\download.exe&quot;: CreateProcess error=2, The system cannot find the file specified</b></a><br />
    <div class="stackTrace" id="exception-0">
              java.lang.ProcessBuilder.start(ProcessBuilder.java:1042)<br />
              java.lang.Runtime.exec(Runtime.java:620)<br />
              java.lang.Runtime.exec(Runtime.java:485)<br />
              com.sample.automation.manager.SfdcManager.login1(Unknown Source)<br />
              com.sample.automation.tests.SfdcReportTc.Test2(Unknown Source)<br />
              sun.reflect.NativeMethodAccessorImpl.invoke0(Native Method)<br />
              sun.reflect.NativeMethodAccessorImpl.invoke(NativeMethodAccessorImpl.java:62)<br />
              sun.reflect.DelegatingMethodAccessorImpl.invoke(DelegatingMethodAccessorImpl.java:43)<br />
              java.lang.reflect.Method.invoke(Method.java:483)<br />
              org.testng.internal.MethodHelper.invokeMethod(MethodHelper.java:644)<br />
              org.testng.internal.Invoker.invokeMethod(Invoker.java:546)<br />
              org.testng.internal.Invoker.invokeTestMethod(Invoker.java:700)<br />
              org.testng.internal.Invoker.invokeTestMethods(Invoker.java:1002)<br />
              org.testng.internal.TestMethodWorker.invokeTestMethods(TestMethodWorker.java:137)<br />
              org.testng.internal.TestMethodWorker.run(TestMethodWorker.java:121)<br />
              org.testng.TestRunner.runWorkers(TestRunner.java:908)<br />
              org.testng.TestRunner.privateRun(TestRunner.java:617)<br />
              org.testng.TestRunner.run(TestRunner.java:498)<br />
              org.testng.SuiteRunner.runTest(SuiteRunner.java:329)<br />
              org.testng.SuiteRunner.access$000(SuiteRunner.java:31)<br />
              org.testng.SuiteRunner$SuiteWorker.run(SuiteRunner.java:355)<br />
              org.testng.internal.thread.ThreadUtil$CountDownLatchedRunnable.run(ThreadUtil.java:142)<br />
              java.util.concurrent.ThreadPoolExecutor.runWorker(ThreadPoolExecutor.java:1142)<br />
              java.util.concurrent.ThreadPoolExecutor$Worker.run(ThreadPoolExecutor.java:617)<br />
              java.lang.Thread.run(Thread.java:744)<br />
                    <b>Caused by: </b> <a href="javascript:toggleElement('exception-1', 'block')" title="Click to expand/collapse">java.io.IOException: CreateProcess error=2, The system cannot find the file specified</a><br />
        <div class="stackTrace" id="exception-1">
                      java.lang.ProcessImpl.create(Native Method)<br />
                      java.lang.ProcessImpl.&lt;init&gt;(ProcessImpl.java:386)<br />
                      java.lang.ProcessImpl.start(ProcessImpl.java:137)<br />
                      java.lang.ProcessBuilder.start(ProcessBuilder.java:1023)<br />
                      java.lang.Runtime.exec(Runtime.java:620)<br />
                      java.lang.Runtime.exec(Runtime.java:485)<br />
                      com.sample.automation.manager.SfdcManager.login1(Unknown Source)<br />
                      com.sample.automation.tests.SfdcReportTc.Test2(Unknown Source)<br />
                      sun.reflect.NativeMethodAccessorImpl.invoke0(Native Method)<br />
                      sun.reflect.NativeMethodAccessorImpl.invoke(NativeMethodAccessorImpl.java:62)<br />
                      sun.reflect.DelegatingMethodAccessorImpl.invoke(DelegatingMethodAccessorImpl.java:43)<br />
                      java.lang.reflect.Method.invoke(Method.java:483)<br />
                      org.testng.internal.MethodHelper.invokeMethod(MethodHelper.java:644)<br />
                      org.testng.internal.Invoker.invokeMethod(Invoker.java:546)<br />
                      org.testng.internal.Invoker.invokeTestMethod(Invoker.java:700)<br />
                      org.testng.internal.Invoker.invokeTestMethods(Invoker.java:1002)<br />
                      org.testng.internal.TestMethodWorker.invokeTestMethods(TestMethodWorker.java:137)<br />
                      org.testng.internal.TestMethodWorker.run(TestMethodWorker.java:121)<br />
                      org.testng.TestRunner.runWorkers(TestRunner.java:908)<br />
                      org.testng.TestRunner.privateRun(TestRunner.java:617)<br />
                      org.testng.TestRunner.run(TestRunner.java:498)<br />
                      org.testng.SuiteRunner.runTest(SuiteRunner.java:329)<br />
                      org.testng.SuiteRunner.access$000(SuiteRunner.java:31)<br />
                      org.testng.SuiteRunner$SuiteWorker.run(SuiteRunner.java:355)<br />
                      org.testng.internal.thread.ThreadUtil$CountDownLatchedRunnable.run(ThreadUtil.java:142)<br />
                      java.util.concurrent.ThreadPoolExecutor.runWorker(ThreadPoolExecutor.java:1142)<br />
                      java.util.concurrent.ThreadPoolExecutor$Worker.run(ThreadPoolExecutor.java:617)<br />
                      java.lang.Thread.run(Thread.java:744)<br />
                  </div>
          </div>
      </td>
</tr>
      </table>


  <table class="resultsTable">
    <tr><th colspan="100%" class="header passed">Passed Tests</th></tr>
          <tr>
        <td colspan="100%" class="group">			SfdcProfileTC
	</td>
      </tr>
            
<tr>
  <td class="method">
          Test3
      </td>

  <td>
    </td>
  <td class="duration">
    24.850s
  </td>
  <td class="result">
        
          <i>Method arguments: </i><span class="arguments">"javed.nehal@gmail.com", "Welcome$123", "Javed Nehal"</span><br />
    
        

      </td>
</tr>
      </table>
  
</body>
</html>
